commiamor/build1/outputs/logs/manifest-merger-debug-report.txt
-- Merging decision tree log ---
manifest
ADDED from AndroidManifest.xml:2:1
	xmlns:android
		ADDED from AndroidManifest.xml:2:11
	package
		ADDED from AndroidManifest.xml:3:5
		INJECTED from AndroidManifest.xml:0:0
		INJECTED from AndroidManifest.xml:0:0
	android:versionName
		ADDED from AndroidManifest.xml:5:5
	android:versionCode
		ADDED from AndroidManifest.xml:4:5
		INJECTED from AndroidManifest.xml:0:0
		INJECTED from AndroidManifest.xml:0:0
uses-sdk
ADDED from AndroidManifest.xml:7:5
MERGED from workspacestudio:library:unspecified:7:5
MERGED from workspacestudio:googleplayservices_lib:unspecified:7:5
	android:targetSdkVersion
		ADDED from AndroidManifest.xml:9:9
		INJECTED from AndroidManifest.xml:0:0
		INJECTED from AndroidManifest.xml:0:0
	android:minSdkVersion
		ADDED from AndroidManifest.xml:8:9
		INJECTED from AndroidManifest.xml:0:0
		INJECTED from AndroidManifest.xml:0:0
permission#android.permission.MAPS_RECEIVE
ADDED from AndroidManifest.xml:11:6
	android:protectionLevel
		ADDED from AndroidManifest.xml:13:9
	android:name
		ADDED from AndroidManifest.xml:12:9
uses-permission#com.google.android.providers.gsf.permission.READ_GSERVICES
ADDED from AndroidManifest.xml:15:6
	android:name
		ADDED from AndroidManifest.xml:15:23
uses-permission#android.permission.INTERNET
ADDED from AndroidManifest.xml:17:5
	android:name
		ADDED from AndroidManifest.xml:17:22
uses-permission#android.permission.ACCESS_COARSE_LOCATION
ADDED from AndroidManifest.xml:18:5
	android:name
		ADDED from AndroidManifest.xml:18:22
uses-permission#android.permission.ACCESS_FINE_LOCATION
ADDED from AndroidManifest.xml:19:2
	android:name
		ADDED from AndroidManifest.xml:19:19
uses-feature#android.hardware.camera
ADDED from AndroidManifest.xml:20:5
	android:required
		ADDED from AndroidManifest.xml:20:58
	android:name
		ADDED from AndroidManifest.xml:20:19
uses-permission#android.permission.WRITE_EXTERNAL_STORAGE
ADDED from AndroidManifest.xml:21:5
	android:name
		ADDED from AndroidManifest.xml:21:22
uses-permission#android.permission.READ_EXTERNAL_STORAGE
ADDED from AndroidManifest.xml:22:5
	android:name
		ADDED from AndroidManifest.xml:22:22
uses-permission#android.permission.CALL_PHONE
ADDED from AndroidManifest.xml:23:5
	android:name
		ADDED from AndroidManifest.xml:23:22
uses-feature#0x00020000
ADDED from AndroidManifest.xml:25:4
	android:required
		ADDED from AndroidManifest.xml:27:9
	android:glEsVersion
		ADDED from AndroidManifest.xml:26:9
application
ADDED from AndroidManifest.xml:29:5
	android:label
		ADDED from AndroidManifest.xml:33:9
	android:allowBackup
		ADDED from AndroidManifest.xml:31:9
	android:icon
		ADDED from AndroidManifest.xml:32:9
	android:theme
		ADDED from AndroidManifest.xml:34:9
	android:largeHeap
		ADDED from AndroidManifest.xml:30:9
activity#com.miamor.MainActivity
ADDED from AndroidManifest.xml:35:9
	android:label
		ADDED from AndroidManifest.xml:37:13
	android:name
		ADDED from AndroidManifest.xml:36:13
intent-filter#android.intent.action.MAIN+android.intent.category.LAUNCHER
ADDED from AndroidManifest.xml:38:13
action#android.intent.action.MAIN
ADDED from AndroidManifest.xml:39:17
	android:name
		ADDED from AndroidManifest.xml:39:25
category#android.intent.category.LAUNCHER
ADDED from AndroidManifest.xml:41:17
	android:name
		ADDED from AndroidManifest.xml:41:27
intent-filter#android.intent.action.SEARCH
ADDED from AndroidManifest.xml:43:13
action#android.intent.action.SEARCH
ADDED from AndroidManifest.xml:44:8
	android:name
		ADDED from AndroidManifest.xml:44:16
meta-data#android.app.searchable
ADDED from AndroidManifest.xml:46:13
	android:resource
		ADDED from AndroidManifest.xml:47:14
	android:name
		ADDED from AndroidManifest.xml:46:24
meta-data#com.google.android.gms.version
ADDED from AndroidManifest.xml:50:9
	android:name
		ADDED from AndroidManifest.xml:51:13
	android:value
		ADDED from AndroidManifest.xml:52:13
meta-data#com.google.android.maps.v2.API_KEY
ADDED from AndroidManifest.xml:53:10
	android:name
		ADDED from AndroidManifest.xml:54:13
	android:value
		ADDED from AndroidManifest.xml:55:13